# JRE version: OpenJDK Runtime Environment (14.0+36) (build 14+36-1461)
# Java VM: OpenJDK 64-Bit Server VM (14+36-1461, mixed mode, sharing, tiered, compressed oops, g1 gc, windows-amd64)
Heap:
 garbage-first heap   total 164864K, used 78073K [0x0000000084400000, 0x0000000100000000)
  region size 1024K, 12 young (12288K), 5 survivors (5120K)
 Metaspace       used 34918K, capacity 36066K, committed 36272K, reserved 1081344K
  class space    used 3864K, capacity 4250K, committed 4352K, reserved 1048576K
GC Heap History (20 events):
Event: 9.304 GC heap before
{Heap before GC invocations=16 (full 0):
 garbage-first heap   total 89088K, used 67892K [0x0000000084400000, 0x0000000100000000)
  region size 1024K, 20 young (20480K), 3 survivors (3072K)
 Metaspace       used 30031K, capacity 30960K, committed 31152K, reserved 1077248K
  class space    used 3386K, capacity 3722K, committed 3840K, reserved 1048576K
}
Event: 9.321 GC heap after
{Heap after GC invocations=17 (full 0):
 garbage-first heap   total 89088K, used 50752K [0x0000000084400000, 0x0000000100000000)
  region size 1024K, 2 young (2048K), 2 survivors (2048K)
 Metaspace       used 30031K, capacity 30960K, committed 31152K, reserved 1077248K
  class space    used 3386K, capacity 3722K, committed 3840K, reserved 1048576K
}
Event: 9.605 GC heap before
{Heap before GC invocations=17 (full 0):
 garbage-first heap   total 89088K, used 69184K [0x0000000084400000, 0x0000000100000000)
  region size 1024K, 21 young (21504K), 2 survivors (2048K)
 Metaspace       used 30855K, capacity 31760K, committed 31920K, reserved 1077248K
  class space    used 3489K, capacity 3818K, committed 3840K, reserved 1048576K
}
Event: 9.611 GC heap after
{Heap after GC invocations=18 (full 0):
 garbage-first heap   total 110592K, used 51075K [0x0000000084400000, 0x0000000100000000)
  region size 1024K, 2 young (2048K), 2 survivors (2048K)
 Metaspace       used 30855K, capacity 31760K, committed 31920K, reserved 1077248K
  class space    used 3489K, capacity 3818K, committed 3840K, reserved 1048576K
}
Event: 10.051 GC heap before
{Heap before GC invocations=19 (full 0):
 garbage-first heap   total 110592K, used 86915K [0x0000000084400000, 0x0000000100000000)
  region size 1024K, 37 young (37888K), 2 survivors (2048K)
 Metaspace       used 31765K, capacity 32702K, committed 32816K, reserved 1079296K
  class space    used 3588K, capacity 3894K, committed 3968K, reserved 1048576K
}
Event: 10.059 GC heap after
{Heap after GC invocations=20 (full 0):
 garbage-first heap   total 110592K, used 51525K [0x0000000084400000, 0x0000000100000000)
  region size 1024K, 2 young (2048K), 2 survivors (2048K)
 Metaspace       used 31765K, capacity 32702K, committed 32816K, reserved 1079296K
  class space    used 3588K, capacity 3894K, committed 3968K, reserved 1048576K
}
Event: 10.308 GC heap before
{Heap before GC invocations=20 (full 0):
 garbage-first heap   total 110592K, used 89413K [0x0000000084400000, 0x0000000100000000)
  region size 1024K, 39 young (39936K), 2 survivors (2048K)
 Metaspace       used 32015K, capacity 33025K, committed 33072K, reserved 1079296K
  class space    used 3613K, capacity 3950K, committed 3968K, reserved 1048576K
}
Event: 10.321 GC heap after
{Heap after GC invocations=21 (full 0):
 garbage-first heap   total 110592K, used 52236K [0x0000000084400000, 0x0000000100000000)
  region size 1024K, 3 young (3072K), 3 survivors (3072K)
 Metaspace       used 32015K, capacity 33025K, committed 33072K, reserved 1079296K
  class space    used 3613K, capacity 3950K, committed 3968K, reserved 1048576K
}
Event: 10.580 GC heap before
{Heap before GC invocations=22 (full 0):
 garbage-first heap   total 110592K, used 90124K [0x0000000084400000, 0x0000000100000000)
  region size 1024K, 40 young (40960K), 3 survivors (3072K)
 Metaspace       used 32133K, capacity 33100K, committed 33328K, reserved 1079296K
  class space    used 3615K, capacity 3952K, committed 3968K, reserved 1048576K
}
Event: 10.588 GC heap after
{Heap after GC invocations=23 (full 0):
 garbage-first heap   total 110592K, used 53014K [0x0000000084400000, 0x0000000100000000)
  region size 1024K, 4 young (4096K), 4 survivors (4096K)
 Metaspace       used 32133K, capacity 33100K, committed 33328K, reserved 1079296K
  class space    used 3615K, capacity 3952K, committed 3968K, reserved 1048576K
}
Event: 10.784 GC heap before
{Heap before GC invocations=23 (full 0):
 garbage-first heap   total 110592K, used 90902K [0x0000000084400000, 0x0000000100000000)
  region size 1024K, 41 young (41984K), 4 survivors (4096K)
 Metaspace       used 32214K, capacity 33202K, committed 33456K, reserved 1079296K
  class space    used 3616K, capacity 3984K, committed 4096K, reserved 1048576K
}
Event: 10.794 GC heap after
{Heap after GC invocations=24 (full 0):
 garbage-first heap   total 133120K, used 53071K [0x0000000084400000, 0x0000000100000000)
  region size 1024K, 3 young (3072K), 3 survivors (3072K)
 Metaspace       used 32214K, capacity 33202K, committed 33456K, reserved 1079296K
  class space    used 3616K, capacity 3984K, committed 4096K, reserved 1048576K
}
Event: 12.135 GC heap before
{Heap before GC invocations=25 (full 0):
 garbage-first heap   total 133120K, used 111439K [0x0000000084400000, 0x0000000100000000)
  region size 1024K, 60 young (61440K), 3 survivors (3072K)
 Metaspace       used 33941K, capacity 34968K, committed 35120K, reserved 1081344K
  class space    used 3790K, capacity 4142K, committed 4224K, reserved 1048576K
}
Event: 12.148 GC heap after
{Heap after GC invocations=26 (full 0):
 garbage-first heap   total 133120K, used 54842K [0x0000000084400000, 0x0000000100000000)
  region size 1024K, 5 young (5120K), 5 survivors (5120K)
 Metaspace       used 33941K, capacity 34968K, committed 35120K, reserved 1081344K
  class space    used 3790K, capacity 4142K, committed 4224K, reserved 1048576K
}
Event: 13.808 GC heap before
{Heap before GC invocations=26 (full 0):
 garbage-first heap   total 133120K, used 110138K [0x0000000084400000, 0x0000000100000000)
  region size 1024K, 59 young (60416K), 5 survivors (5120K)
 Metaspace       used 34705K, capacity 35734K, committed 35888K, reserved 1081344K
  class space    used 3844K, capacity 4203K, committed 4224K, reserved 1048576K
}
Event: 13.828 GC heap after
{Heap after GC invocations=27 (full 0):
 garbage-first heap   total 133120K, used 56813K [0x0000000084400000, 0x0000000100000000)
  region size 1024K, 6 young (6144K), 6 survivors (6144K)
 Metaspace       used 34705K, capacity 35734K, committed 35888K, reserved 1081344K
  class space    used 3844K, capacity 4203K, committed 4224K, reserved 1048576K
}
Event: 14.164 GC heap before
{Heap before GC invocations=27 (full 0):
 garbage-first heap   total 133120K, used 113133K [0x0000000084400000, 0x0000000100000000)
  region size 1024K, 60 young (61440K), 6 survivors (6144K)
 Metaspace       used 34737K, capacity 35808K, committed 35888K, reserved 1081344K
  class space    used 3845K, capacity 4205K, committed 4224K, reserved 1048576K
}
Event: 14.178 GC heap after
{Heap after GC invocations=28 (full 0):
 garbage-first heap   total 133120K, used 67017K [0x0000000084400000, 0x0000000100000000)
  region size 1024K, 8 young (8192K), 8 survivors (8192K)
 Metaspace       used 34737K, capacity 35808K, committed 35888K, reserved 1081344K
  class space    used 3845K, capacity 4205K, committed 4224K, reserved 1048576K
}
Event: 14.344 GC heap before
{Heap before GC invocations=28 (full 0):
 garbage-first heap   total 133120K, used 104905K [0x0000000084400000, 0x0000000100000000)
  region size 1024K, 46 young (47104K), 8 survivors (8192K)
 Metaspace       used 34737K, capacity 35808K, committed 35888K, reserved 1081344K
  class space    used 3845K, capacity 4205K, committed 4224K, reserved 1048576K
}
Event: 14.356 GC heap after
{Heap after GC invocations=29 (full 0):
 garbage-first heap   total 164864K, used 71929K [0x0000000084400000, 0x0000000100000000)
  region size 1024K, 5 young (5120K), 5 survivors (5120K)
 Metaspace       used 34737K, capacity 35808K, committed 35888K, reserved 1081344K
  class space    used 3845K, capacity 4205K, committed 4224K, reserved 1048576K
}

