# JRE version: OpenJDK Runtime Environment (14.0+36) (build 14+36-1461)
# Java VM: OpenJDK 64-Bit Server VM (14+36-1461, mixed mode, sharing, tiered, compressed oops, g1 gc, windows-amd64)
Heap:
 garbage-first heap   total 83968K, used 62658K [0x0000000084400000, 0x0000000100000000)
  region size 1024K, 28 young (28672K), 2 survivors (2048K)
 Metaspace       used 33094K, capacity 34116K, committed 34352K, reserved 1079296K
  class space    used 3863K, capacity 4192K, committed 4224K, reserved 1048576K
GC Heap History (20 events):
Event: 1.711 GC heap before
{Heap before GC invocations=2 (full 0):
 garbage-first heap   total 126976K, used 78651K [0x0000000084400000, 0x0000000100000000)
  region size 1024K, 74 young (75776K), 2 survivors (2048K)
 Metaspace       used 16235K, capacity 17249K, committed 17280K, reserved 1064960K
  class space    used 1930K, capacity 2147K, committed 2176K, reserved 1048576K
}
Event: 1.722 GC heap after
{Heap after GC invocations=3 (full 0):
 garbage-first heap   total 126976K, used 9830K [0x0000000084400000, 0x0000000100000000)
  region size 1024K, 6 young (6144K), 6 survivors (6144K)
 Metaspace       used 16235K, capacity 17249K, committed 17280K, reserved 1064960K
  class space    used 1930K, capacity 2147K, committed 2176K, reserved 1048576K
}
Event: 2.419 GC heap before
{Heap before GC invocations=3 (full 0):
 garbage-first heap   total 126976K, used 79462K [0x0000000084400000, 0x0000000100000000)
  region size 1024K, 74 young (75776K), 6 survivors (6144K)
 Metaspace       used 17184K, capacity 17947K, committed 18176K, reserved 1064960K
  class space    used 1953K, capacity 2186K, committed 2304K, reserved 1048576K
}
Event: 2.437 GC heap after
{Heap after GC invocations=4 (full 0):
 garbage-first heap   total 126976K, used 13809K [0x0000000084400000, 0x0000000100000000)
  region size 1024K, 9 young (9216K), 9 survivors (9216K)
 Metaspace       used 17184K, capacity 17947K, committed 18176K, reserved 1064960K
  class space    used 1953K, capacity 2186K, committed 2304K, reserved 1048576K
}
Event: 3.057 GC heap before
{Heap before GC invocations=4 (full 0):
 garbage-first heap   total 126976K, used 80369K [0x0000000084400000, 0x0000000100000000)
  region size 1024K, 74 young (75776K), 9 survivors (9216K)
 Metaspace       used 20128K, capacity 20894K, committed 21120K, reserved 1067008K
  class space    used 2315K, capacity 2588K, committed 2688K, reserved 1048576K
}
Event: 3.072 GC heap after
{Heap after GC invocations=5 (full 0):
 garbage-first heap   total 159744K, used 16776K [0x0000000084400000, 0x0000000100000000)
  region size 1024K, 7 young (7168K), 7 survivors (7168K)
 Metaspace       used 20128K, capacity 20894K, committed 21120K, reserved 1067008K
  class space    used 2315K, capacity 2588K, committed 2688K, reserved 1048576K
}
Event: 3.131 GC heap before
{Heap before GC invocations=5 (full 0):
 garbage-first heap   total 159744K, used 18824K [0x0000000084400000, 0x0000000100000000)
  region size 1024K, 10 young (10240K), 7 survivors (7168K)
 Metaspace       used 20396K, capacity 21104K, committed 21296K, reserved 1069056K
  class space    used 2334K, capacity 2594K, committed 2688K, reserved 1048576K
}
Event: 3.139 GC heap after
{Heap after GC invocations=6 (full 0):
 garbage-first heap   total 159744K, used 17292K [0x0000000084400000, 0x0000000100000000)
  region size 1024K, 4 young (4096K), 4 survivors (4096K)
 Metaspace       used 20396K, capacity 21104K, committed 21296K, reserved 1069056K
  class space    used 2334K, capacity 2594K, committed 2688K, reserved 1048576K
}
Event: 3.277 GC heap before
{Heap before GC invocations=7 (full 0):
 garbage-first heap   total 61440K, used 60300K [0x0000000084400000, 0x0000000100000000)
  region size 1024K, 46 young (47104K), 4 survivors (4096K)
 Metaspace       used 21783K, capacity 22479K, committed 22704K, reserved 1069056K
  class space    used 2519K, capacity 2775K, committed 2816K, reserved 1048576K
}
Event: 3.282 GC heap after
{Heap after GC invocations=8 (full 0):
 garbage-first heap   total 65536K, used 17221K [0x0000000084400000, 0x0000000100000000)
  region size 1024K, 4 young (4096K), 4 survivors (4096K)
 Metaspace       used 21783K, capacity 22479K, committed 22704K, reserved 1069056K
  class space    used 2519K, capacity 2775K, committed 2816K, reserved 1048576K
}
Event: 3.728 GC heap before
{Heap before GC invocations=8 (full 0):
 garbage-first heap   total 65536K, used 53061K [0x0000000084400000, 0x0000000100000000)
  region size 1024K, 38 young (38912K), 4 survivors (4096K)
 Metaspace       used 27652K, capacity 28522K, committed 28592K, reserved 1075200K
  class space    used 3241K, capacity 3522K, committed 3584K, reserved 1048576K
}
Event: 3.744 GC heap after
{Heap after GC invocations=9 (full 0):
 garbage-first heap   total 69632K, used 30215K [0x0000000084400000, 0x0000000100000000)
  region size 1024K, 5 young (5120K), 5 survivors (5120K)
 Metaspace       used 27652K, capacity 28522K, committed 28592K, reserved 1075200K
  class space    used 3241K, capacity 3522K, committed 3584K, reserved 1048576K
}
Event: 3.753 GC heap before
{Heap before GC invocations=9 (full 0):
 garbage-first heap   total 69632K, used 51719K [0x0000000084400000, 0x0000000100000000)
  region size 1024K, 27 young (27648K), 5 survivors (5120K)
 Metaspace       used 27653K, capacity 28522K, committed 28592K, reserved 1075200K
  class space    used 3241K, capacity 3522K, committed 3584K, reserved 1048576K
}
Event: 3.757 GC heap after
{Heap after GC invocations=10 (full 0):
 garbage-first heap   total 83968K, used 30563K [0x0000000084400000, 0x0000000100000000)
  region size 1024K, 1 young (1024K), 1 survivors (1024K)
 Metaspace       used 27653K, capacity 28522K, committed 28592K, reserved 1075200K
  class space    used 3241K, capacity 3522K, committed 3584K, reserved 1048576K
}
Event: 4.014 GC heap before
{Heap before GC invocations=10 (full 0):
 garbage-first heap   total 83968K, used 61283K [0x0000000084400000, 0x0000000100000000)
  region size 1024K, 32 young (32768K), 1 survivors (1024K)
 Metaspace       used 28326K, capacity 29231K, committed 29488K, reserved 1075200K
  class space    used 3310K, capacity 3588K, committed 3712K, reserved 1048576K
}
Event: 4.019 GC heap after
{Heap after GC invocations=11 (full 0):
 garbage-first heap   total 83968K, used 35840K [0x0000000084400000, 0x0000000100000000)
  region size 1024K, 4 young (4096K), 4 survivors (4096K)
 Metaspace       used 28326K, capacity 29231K, committed 29488K, reserved 1075200K
  class space    used 3310K, capacity 3588K, committed 3712K, reserved 1048576K
}
Event: 4.321 GC heap before
{Heap before GC invocations=11 (full 0):
 garbage-first heap   total 83968K, used 61440K [0x0000000084400000, 0x0000000100000000)
  region size 1024K, 30 young (30720K), 4 survivors (4096K)
 Metaspace       used 29397K, capacity 30289K, committed 30384K, reserved 1075200K
  class space    used 3437K, capacity 3750K, committed 3840K, reserved 1048576K
}
Event: 4.326 GC heap after
{Heap after GC invocations=12 (full 0):
 garbage-first heap   total 83968K, used 36941K [0x0000000084400000, 0x0000000100000000)
  region size 1024K, 1 young (1024K), 1 survivors (1024K)
 Metaspace       used 29397K, capacity 30289K, committed 30384K, reserved 1075200K
  class space    used 3437K, capacity 3750K, committed 3840K, reserved 1048576K
}
Event: 4.646 GC heap before
{Heap before GC invocations=12 (full 0):
 garbage-first heap   total 83968K, used 64589K [0x0000000084400000, 0x0000000100000000)
  region size 1024K, 28 young (28672K), 1 survivors (1024K)
 Metaspace       used 30336K, capacity 31220K, committed 31536K, reserved 1077248K
  class space    used 3559K, capacity 3867K, committed 3968K, reserved 1048576K
}
Event: 4.650 GC heap after
{Heap after GC invocations=13 (full 0):
 garbage-first heap   total 83968K, used 37058K [0x0000000084400000, 0x0000000100000000)
  region size 1024K, 2 young (2048K), 2 survivors (2048K)
 Metaspace       used 30336K, capacity 31220K, committed 31536K, reserved 1077248K
  class space    used 3559K, capacity 3867K, committed 3968K, reserved 1048576K
}

